#
# A fatal error has been detected by the Java Runtime Environment:
#
#  EXCEPTION_UNCAUGHT_CXX_EXCEPTION (0xe06d7363) at pc=0x00007ffbdc07933a, pid=28992, tid=27252
#
# JRE version: OpenJDK Runtime Environment Corretto-21.0.5.11.1 (21.0.5+11) (build 21.0.5+11-LTS)
# Java VM: OpenJDK 64-Bit Server VM Corretto-21.0.5.11.1 (21.0.5+11-LTS, mixed mode, sharing, tiered, compressed oops, compressed class ptrs, g1 gc, windows-amd64)
# Problematic frame:
# C  [KERNELBASE.dll+0xc933a]
#
# No core dump will be written. Minidumps are not enabled by default on client versions of Windows
#
# If you would like to submit a bug report, please visit:
#   https://github.com/corretto/corretto-21/issues/
# The crash happened outside the Java Virtual Machine in native code.
# See problematic frame for where to report the bug.
#

---------------  S U M M A R Y ------------

Command Line: -ea -Didea.test.cyclic.buffer.size=1048576 -javaagent:C:\Users\KOSSI\AppData\Local\Programs\IntelliJ IDEA Ultimate\lib\idea_rt.jar=51188:C:\Users\KOSSI\AppData\Local\Programs\IntelliJ IDEA Ultimate\bin -javaagent:C:\Users\KOSSI\AppData\Local\JetBrains\IntelliJIdea2024.3\captureAgent\debugger-agent.jar -Dkotlinx.coroutines.debug.enable.creation.stack.trace=false -Ddebugger.agent.enable.coroutines=true -Dkotlinx.coroutines.debug.enable.flows.stack.trace=true -Dkotlinx.coroutines.debug.enable.mutable.state.flows.stack.trace=true -Dfile.encoding=UTF-8 -Dsun.stdout.encoding=UTF-8 -Dsun.stderr.encoding=UTF-8 com.intellij.rt.junit.JUnitStarter -ideVersion5 -junit5 @w@C:\Users\KOSSI\AppData\Local\Temp\idea_working_dirs_junit.tmp @C:\Users\KOSSI\AppData\Local\Temp\idea_junit.tmp -socket51187

Host: 13th Gen Intel(R) Core(TM) i5-13420H, 12 cores, 29G,  Windows 11 , 64 bit Build 26100 (10.0.26100.3775)
Time: Fri Apr 11 17:22:33 2025 Paris, Madrid (heure duild 26100 (10.0.26100.3775) elapsed time: 63.801980 seconds (0d 0h 1m 3s)

---------------  T H R E A D  ---------------

Current thread (0x0000025fd25388f0):  JavaThread "pool-57-thread-1"        [_thread_in_native, id=27252, stack(0x000000ab2af00000,0x000000ab2b000000) (1024K)]

Stack: [0x000000ab2af00000,0x000000ab2b000000],  sp=0x000000ab2affe660,  free space=1017k
Native frames: (J=compiled Java code, j=interpreted, Vv=VM code, C=native code)
C  [KERNELBASE.dll+0xc933a]
C  [VCRUNTIME140.dll+0x6480]
C  [msvcp140.dll+0x3ad72]
C  [msvcp140.dll+0x6a8c]
C  [msvcp140.dll+0x17018]
C  [msvcp140.dll+0x2789a]
C  [msvcp140.dll+0x2e9c4]
C  [librocksdbjni18203550206518971624.dll+0x1ce1d0]

Java frames: (J=compiled Java code, j=interpreted, Vv=VM code)
j  org.rocksdb.RocksDB.iterator(JJJ)J+0
j  org.rocksdb.RocksDB.newIterator()Lorg/rocksdb/RocksIterator;+23
j  io.github.cyfko.dverify.impl.kafka.KafkaBrokerAdapter.removeOldEmbeddedDatabaseEntries(Lorg/rocksdb/RocksDB;)V+1
j  io.github.cyfko.dverify.impl.kafka.KafkaBrokerAdapter.lambda$scheduleAsyncWork$2()V+4
j  io.github.cyfko.dverify.impl.kafka.KafkaBrokerAdapter$$Lambda+0x0000025f8951d828.run()V+4
j  java.util.concurrent.Executors$RunnableAdapter.call()Ljava/lang/Object;+4 java.base@21.0.5
j  java.util.concurrent.FutureTask.runAndReset$$$capture()Z+44 java.base@21.0.5
j  java.util.concurrent.FutureTask.runAndReset()Z+5 java.base@21.0.5
j  java.util.concurrent.ScheduledThreadPoolExecutor$ScheduledFutureTask.run()V+35 java.base@21.0.5
j  java.util.concurrent.ThreadPoolExecutor.runWorker(Ljava/util/concurrent/ThreadPoolExecutor$Worker;)V+92 java.base@21.0.5
j  java.util.concurrent.ThreadPoolExecutor$Worker.run()V+5 java.base@21.0.5
j  java.lang.Thread.runWith(Ljava/lang/Object;Ljava/lang/Runnable;)V+5 java.base@21.0.5
j  java.lang.Thread.run()V+19 java.base@21.0.5
v  ~StubRoutines::call_stub 0x0000025ff380100d

siginfo: EXCEPTION_UNCAUGHT_CXX_EXCEPTION (0xe06d7363), ExceptionInformation=0x0000000019930520 0x000000ab2affe7e0 0x00007ffbb48d3378 0x00007ffbb4870000 


Registers:
RAX=0x000000ab2affe9a8, RBX=0x000000ab2affe788, RCX=0x0000000000000000, RDX=0x0000000000000000
RSP=0x000000ab2affe660, RBP=0x0000000000000004, RSI=0x0000000000000001, RDI=0x00000000e06d7363
R8 =0x00007ffacbc4b16f, R9 =0x000000ab2affe240, R10=0x000000ab2affe240, R11=0x0000025fd25388f0
R12=0x0000000000000000, R13=0x0000025fc9877820, R14=0x000000ab2affeb40, R15=0x0000000000000000
RIP=0x00007ffbdc07933a, EFLAGS=0x0000000000000202


Register to memory mapping:

RAX=0x000000ab2affe9a8 is pointing into the stack for thread: 0x0000025fd25388f0
RBX=0x000000ab2affe788 is pointing into the stack for thread: 0x0000025fd25388f0
RCX=0x0 is null
RDX=0x0 is null
RSP=0x000000ab2affe660 is pointing into the stack for thread: 0x0000025fd25388f0
RBP=0x0000000000000004 is an unknown value
RSI=0x0000000000000001 is an unknown value
RDI=